# JRE version: Java(TM) SE Runtime Environment (8.0_144-b01) (build 1.8.0_144-b01)
# Java VM: Java HotSpot(TM) 64-Bit Server VM (25.144-b01 mixed mode windows-amd64 compressed oops)
Heap:
 PSYoungGen      total 281088K, used 3522K [0x000000076bd00000, 0x000000078b900000, 0x00000007c0000000)
  eden space 252416K, 1% used [0x000000076bd00000,0x000000076c070850,0x000000077b380000)
  from space 28672K, 0% used [0x000000077b380000,0x000000077b380000,0x000000077cf80000)
  to   space 34304K, 0% used [0x0000000789780000,0x0000000789780000,0x000000078b900000)
 ParOldGen       total 171520K, used 55494K [0x00000006c3600000, 0x00000006cdd80000, 0x000000076bd00000)
  object space 171520K, 32% used [0x00000006c3600000,0x00000006c6c31af0,0x00000006cdd80000)
 Metaspace       used 34403K, capacity 36246K, committed 36608K, reserved 1081344K
  class space    used 4204K, capacity 4774K, committed 4864K, reserved 1048576K
GC Heap History (10 events):
Event: 2.359 GC heap before
{Heap before GC invocations=5 (full 0):
 PSYoungGen      total 140800K, used 12529K [0x000000076bd00000, 0x0000000775100000, 0x00000007c0000000)
  eden space 130048K, 1% used [0x000000076bd00000,0x000000076bec1be0,0x0000000773c00000)
  from space 10752K, 99% used [0x0000000774680000,0x00000007750faa20,0x0000000775100000)
  to   space 10752K, 0% used [0x0000000773c00000,0x0000000773c00000,0x0000000774680000)
 ParOldGen       total 173568K, used 35975K [0x00000006c3600000, 0x00000006cdf80000, 0x000000076bd00000)
  object space 173568K, 20% used [0x00000006c3600000,0x00000006c5921cc0,0x00000006cdf80000)
 Metaspace       used 20837K, capacity 21164K, committed 21296K, reserved 1069056K
  class space    used 2315K, capacity 2422K, committed 2432K, reserved 1048576K
Event: 2.369 GC heap after
Heap after GC invocations=5 (full 0):
 PSYoungGen      total 140800K, used 10746K [0x000000076bd00000, 0x000000077f500000, 0x00000007c0000000)
  eden space 130048K, 0% used [0x000000076bd00000,0x000000076bd00000,0x0000000773c00000)
  from space 10752K, 99% used [0x0000000773c00000,0x000000077467ea30,0x0000000774680000)
  to   space 29696K, 0% used [0x000000077d800000,0x000000077d800000,0x000000077f500000)
 ParOldGen       total 173568K, used 36125K [0x00000006c3600000, 0x00000006cdf80000, 0x000000076bd00000)
  object space 173568K, 20% used [0x00000006c3600000,0x00000006c59476e0,0x00000006cdf80000)
 Metaspace       used 20837K, capacity 21164K, committed 21296K, reserved 1069056K
  class space    used 2315K, capacity 2422K, committed 2432K, reserved 1048576K
}
Event: 2.369 GC heap before
{Heap before GC invocations=6 (full 1):
 PSYoungGen      total 140800K, used 10746K [0x000000076bd00000, 0x000000077f500000, 0x00000007c0000000)
  eden space 130048K, 0% used [0x000000076bd00000,0x000000076bd00000,0x0000000773c00000)
  from space 10752K, 99% used [0x0000000773c00000,0x000000077467ea30,0x0000000774680000)
  to   space 29696K, 0% used [0x000000077d800000,0x000000077d800000,0x000000077f500000)
 ParOldGen       total 173568K, used 36125K [0x00000006c3600000, 0x00000006cdf80000, 0x000000076bd00000)
  object space 173568K, 20% used [0x00000006c3600000,0x00000006c59476e0,0x00000006cdf80000)
 Metaspace       used 20837K, capacity 21164K, committed 21296K, reserved 1069056K
  class space    used 2315K, capacity 2422K, committed 2432K, reserved 1048576K
Event: 2.419 GC heap after
Heap after GC invocations=6 (full 1):
 PSYoungGen      total 140800K, used 0K [0x000000076bd00000, 0x000000077f500000, 0x00000007c0000000)
  eden space 130048K, 0% used [0x000000076bd00000,0x000000076bd00000,0x0000000773c00000)
  from space 10752K, 0% used [0x0000000773c00000,0x0000000773c00000,0x0000000774680000)
  to   space 29696K, 0% used [0x000000077d800000,0x000000077d800000,0x000000077f500000)
 ParOldGen       total 115200K, used 25296K [0x00000006c3600000, 0x00000006ca680000, 0x000000076bd00000)
  object space 115200K, 21% used [0x00000006c3600000,0x00000006c4eb4030,0x00000006ca680000)
 Metaspace       used 20837K, capacity 21164K, committed 21296K, reserved 1069056K
  class space    used 2315K, capacity 2422K, committed 2432K, reserved 1048576K
}
Event: 2.959 GC heap before
{Heap before GC invocations=7 (full 1):
 PSYoungGen      total 140800K, used 130048K [0x000000076bd00000, 0x000000077f500000, 0x00000007c0000000)
  eden space 130048K, 100% used [0x000000076bd00000,0x0000000773c00000,0x0000000773c00000)
  from space 10752K, 0% used [0x0000000773c00000,0x0000000773c00000,0x0000000774680000)
  to   space 29696K, 0% used [0x000000077d800000,0x000000077d800000,0x000000077f500000)
 ParOldGen       total 115200K, used 25296K [0x00000006c3600000, 0x00000006ca680000, 0x000000076bd00000)
  object space 115200K, 21% used [0x00000006c3600000,0x00000006c4eb4030,0x00000006ca680000)
 Metaspace       used 26197K, capacity 26704K, committed 27008K, reserved 1073152K
  class space    used 3010K, capacity 3152K, committed 3200K, reserved 1048576K
Event: 2.973 GC heap after
Heap after GC invocations=7 (full 1):
 PSYoungGen      total 264192K, used 19782K [0x000000076bd00000, 0x000000077eb80000, 0x00000007c0000000)
  eden space 244224K, 0% used [0x000000076bd00000,0x000000076bd00000,0x000000077ab80000)
  from space 19968K, 99% used [0x000000077d800000,0x000000077eb51b10,0x000000077eb80000)
  to   space 28672K, 0% used [0x000000077b380000,0x000000077b380000,0x000000077cf80000)
 ParOldGen       total 115200K, used 25304K [0x00000006c3600000, 0x00000006ca680000, 0x000000076bd00000)
  object space 115200K, 21% used [0x00000006c3600000,0x00000006c4eb6030,0x00000006ca680000)
 Metaspace       used 26197K, capacity 26704K, committed 27008K, reserved 1073152K
  class space    used 3010K, capacity 3152K, committed 3200K, reserved 1048576K
}
Event: 4.105 GC heap before
{Heap before GC invocations=8 (full 1):
 PSYoungGen      total 264192K, used 253621K [0x000000076bd00000, 0x000000077eb80000, 0x00000007c0000000)
  eden space 244224K, 95% used [0x000000076bd00000,0x000000077a15bb08,0x000000077ab80000)
  from space 19968K, 99% used [0x000000077d800000,0x000000077eb51b10,0x000000077eb80000)
  to   space 28672K, 0% used [0x000000077b380000,0x000000077b380000,0x000000077cf80000)
 ParOldGen       total 115200K, used 25304K [0x00000006c3600000, 0x00000006ca680000, 0x000000076bd00000)
  object space 115200K, 21% used [0x00000006c3600000,0x00000006c4eb6030,0x00000006ca680000)
 Metaspace       used 33534K, capacity 35402K, committed 35456K, reserved 1079296K
  class space    used 4104K, capacity 4690K, committed 4736K, reserved 1048576K
Event: 4.124 GC heap after
Heap after GC invocations=8 (full 1):
 PSYoungGen      total 281088K, used 28666K [0x000000076bd00000, 0x000000078b900000, 0x00000007c0000000)
  eden space 252416K, 0% used [0x000000076bd00000,0x000000076bd00000,0x000000077b380000)
  from space 28672K, 99% used [0x000000077b380000,0x000000077cf7eb40,0x000000077cf80000)
  to   space 34304K, 0% used [0x0000000789780000,0x0000000789780000,0x000000078b900000)
 ParOldGen       total 115200K, used 28224K [0x00000006c3600000, 0x00000006ca680000, 0x000000076bd00000)
  object space 115200K, 24% used [0x00000006c3600000,0x00000006c5190190,0x00000006ca680000)
 Metaspace       used 33534K, capacity 35402K, committed 35456K, reserved 1079296K
  class space    used 4104K, capacity 4690K, committed 4736K, reserved 1048576K
}
Event: 4.124 GC heap before
{Heap before GC invocations=9 (full 2):
 PSYoungGen      total 281088K, used 28666K [0x000000076bd00000, 0x000000078b900000, 0x00000007c0000000)
  eden space 252416K, 0% used [0x000000076bd00000,0x000000076bd00000,0x000000077b380000)
  from space 28672K, 99% used [0x000000077b380000,0x000000077cf7eb40,0x000000077cf80000)
  to   space 34304K, 0% used [0x0000000789780000,0x0000000789780000,0x000000078b900000)
 ParOldGen       total 115200K, used 28224K [0x00000006c3600000, 0x00000006ca680000, 0x000000076bd00000)
  object space 115200K, 24% used [0x00000006c3600000,0x00000006c5190190,0x00000006ca680000)
 Metaspace       used 33534K, capacity 35402K, committed 35456K, reserved 1079296K
  class space    used 4104K, capacity 4690K, committed 4736K, reserved 1048576K
Event: 4.355 GC heap after
Heap after GC invocations=9 (full 2):
 PSYoungGen      total 281088K, used 0K [0x000000076bd00000, 0x000000078b900000, 0x00000007c0000000)
  eden space 252416K, 0% used [0x000000076bd00000,0x000000076bd00000,0x000000077b380000)
  from space 28672K, 0% used [0x000000077b380000,0x000000077b380000,0x000000077cf80000)
  to   space 34304K, 0% used [0x0000000789780000,0x0000000789780000,0x000000078b900000)
 ParOldGen       total 171520K, used 55494K [0x00000006c3600000, 0x00000006cdd80000, 0x000000076bd00000)
  object space 171520K, 32% used [0x00000006c3600000,0x00000006c6c31af0,0x00000006cdd80000)
 Metaspace       used 33487K, capacity 35294K, committed 35456K, reserved 1079296K
  class space    used 4094K, capacity 4671K, committed 4736K, reserved 1048576K
}

