<?xml version="1.0" encoding="UTF-8"?>
<!-- Generated by org.testng.reporters.JUnitXMLReporter -->
<testsuite hostname="AIPL-PUN-LT-081" ignored="0" name="Default test" tests="5" failures="0" timestamp="24 Apr 2020 12:49:02 GMT" time="6.373" errors="0">
  <testcase name="createUserAPIPOSTTest" time="3.424" classname="com.qa.gorest.tests.CreateUserAPITest"/>
  <testcase name="createUserAPIPOSTTest" time="0.454" classname="com.qa.gorest.tests.CreateUserAPITest"/>
  <testcase name="createUserAPIPOSTTest" time="0.429" classname="com.qa.gorest.tests.CreateUserAPITest"/>
  <testcase name="createUserAPIPOSTTest" time="0.407" classname="com.qa.gorest.tests.CreateUserAPITest"/>
  <testcase name="createUserAPIPOSTTest" time="0.447" classname="com.qa.gorest.tests.CreateUserAPITest"/>
</testsuite> <!-- Default test -->
