<?xml version="1.0" encoding="UTF-8"?>
<!-- Generated by org.testng.reporters.JUnitXMLReporter -->
<testsuite hostname="AIPL2361LT06766" ignored="1" name="Go Rest Regression Test" tests="8" failures="0" timestamp="04 Jun 2020 07:15:35 GMT" time="11.983" errors="0">
  <testcase name="createUserAPIPOSTTest" time="2.702" classname="com.qa.gorest.tests.CreateUserAPITest"/>
  <testcase name="createUserAPIPOSTTest" time="0.453" classname="com.qa.gorest.tests.CreateUserAPITest"/>
  <testcase name="getUserListAPITest" time="4.629" classname="com.qa.gorest.tests.GetUserAPITest"/>
  <testcase name="createUserAPIPOSTTest" time="0.43" classname="com.qa.gorest.tests.CreateUserAPITest"/>
  <testcase name="deleteUserTest" time="10.752" classname="com.qa.gorest.tests.DeleteUserAPITest"/>
  <testcase name="createUserAPIPOSTTest" time="6.429" classname="com.qa.gorest.tests.CreateUserAPITest"/>
  <testcase name="createUserAPIPOSTTest" time="0.566" classname="com.qa.gorest.tests.CreateUserAPITest"/>
  <testcase name="createANewUserAPIPUTTest_WithSetter" time="7.056" classname="com.qa.gorest.tests.UpdateUserAPITest"/>
  <testcase name="createANewUserAPIPUTTest_WithConstructor" time="0.0" classname="com.qa.gorest.tests.UpdateUserAPITest">
    <ignored/>
  </testcase> <!-- createANewUserAPIPUTTest_WithConstructor -->
</testsuite> <!-- Go Rest Regression Test -->
