<?xml version="1.0" encoding="UTF-8"?>
<!-- Generated by org.testng.reporters.JUnitXMLReporter -->
<testsuite hostname="AIPL-PUN-LT-081" ignored="1" name="Go Rest Regression Test" tests="8" failures="1" timestamp="2020-03-31T11:35:44 IST" time="7.445" errors="0">
  <testcase name="createUserAPIPOSTTest" time="2.264" classname="com.qa.gorest.tests.CreateUserAPITest"/>
  <testcase name="createUserAPIPOSTTest" time="0.439" classname="com.qa.gorest.tests.CreateUserAPITest"/>
  <testcase name="createUserAPIPOSTTest" time="0.412" classname="com.qa.gorest.tests.CreateUserAPITest"/>
  <testcase name="createUserAPIPOSTTest" time="0.435" classname="com.qa.gorest.tests.CreateUserAPITest"/>
  <testcase name="createUserAPIPOSTTest" time="0.457" classname="com.qa.gorest.tests.CreateUserAPITest"/>
  <testcase name="deleteUserTest" time="1.432" classname="com.qa.gorest.tests.DeleteUserAPITest">
    <failure type="junit.framework.AssertionFailedError" message="expected:&amp;lt;23&amp;gt; but was:&amp;lt;16&amp;gt;">
      <![CDATA[junit.framework.AssertionFailedError: expected:<23> but was:<16>
at junit.framework.Assert.fail(Assert.java:47)
at junit.framework.Assert.failNotEquals(Assert.java:282)
at junit.framework.Assert.assertEquals(Assert.java:64)
at junit.framework.Assert.assertEquals(Assert.java:201)
at junit.framework.Assert.assertEquals(Assert.java:207)
at com.qa.gorest.tests.DeleteUserAPITest.deleteUserTest(DeleteUserAPITest.java:56)
at java.util.ArrayList.forEach(Unknown Source)
... Removed 27 stack frames]]>
    </failure>
  </testcase> <!-- deleteUserTest -->
  <testcase name="getUserListAPITest" time="0.697" classname="com.qa.gorest.tests.GetUserAPITest"/>
  <testcase name="createANewUserAPIPUTTest_WithSetter" time="0.881" classname="com.qa.gorest.tests.UpdateUserAPITest"/>
  <testcase name="createANewUserAPIPUTTest_WithConstructor" time="0.0" classname="com.qa.gorest.tests.UpdateUserAPITest">
    <ignored/>
  </testcase> <!-- createANewUserAPIPUTTest_WithConstructor -->
</testsuite> <!-- Go Rest Regression Test -->
