<?xml version="1.0" encoding="UTF-8"?>
<testsuite xmlns:xsi="http://www.w3.org/2001/XMLSchema-instance" xsi:noNamespaceSchemaLocation="https://maven.apache.org/surefire/maven-surefire-plugin/xsd/surefire-test-report.xsd" name="TestSuite" time="7.887" tests="8" errors="0" skipped="0" failures="1">
  <properties>
[...]
</properties>
  <testcase name="createUserAPIPOSTTest" classname="com.qa.gorest.tests.CreateUserAPITest" time="3.164"/>
  <testcase name="createUserAPIPOSTTest" classname="com.qa.gorest.tests.CreateUserAPITest" time="0.457"/>
  <testcase name="createUserAPIPOSTTest" classname="com.qa.gorest.tests.CreateUserAPITest" time="0.116"/>
  <testcase name="createUserAPIPOSTTest" classname="com.qa.gorest.tests.CreateUserAPITest" time="0.412"/>
  <testcase name="createUserAPIPOSTTest" classname="com.qa.gorest.tests.CreateUserAPITest" time="0.415"/>
  <testcase name="getUserListAPITest" classname="com.qa.gorest.tests.GetUserAPITest" time="0.392"/>
  <testcase name="deleteUserTest" classname="com.qa.gorest.tests.DeleteUserAPITest" time="0.394">
    <failure message="expected [18] but found [24]" type="java.lang.AssertionError">java.lang.AssertionError: expected [18] but found [24]
	at com.qa.gorest.tests.DeleteUserAPITest.deleteUserTest(DeleteUserAPITest.java:69)
</failure>
    <system-out><![CDATA[I am in onTestSuccess method createUserAPIPOSTTest succeed
I am in onTestStart method createUserAPIPOSTTest start
I am in onTestStart method createUserAPIPOSTTest start
Payload: {"first_name":"elina","last_name":"L","gender":"female","dob":"01-01-1978","email":"elina12@gmail.com","phone":"'1-222-333-2326","address":"test address pune","website":"http://www.google.com","status":"active"}
Request method:	POST
Request URI:	https://gorest.co.in/public-api/users
Proxy:			<none>
Request params:	<none>
Query params:	<none>
Form params:	<none>
Path params:	<none>
Headers:		Authorization=Bearer g0JIGvfO6SIYnwmMYDM-Kp3nCYVw-xInSDif
				Accept=*/*
				Content-Type=application/json; charset=UTF-8
Cookies:		<none>
Multiparts:		<none>
Body:
{
    "first_name": "elina",
    "last_name": "L",
    "gender": "female",
    "dob": "01-01-1978",
    "email": "elina12@gmail.com",
    "phone": "'1-222-333-2326",
    "address": "test address pune",
    "website": "http://www.google.com",
    "status": "active"
}
{
    "_meta": {
        "success": true,
        "code": 204,
        "message": "The request was handled successfully and the response contains no body content.",
        "rateLimit": {
            "limit": 30,
            "remaining": 24,
            "reset": 12
        }
    },
    "result": null
}
{
    "_meta": {
        "success": true,
        "code": 204,
        "message": "The request was handled successfully and the response contains no body content.",
        "rateLimit": {
            "limit": 30,
            "remaining": 24,
            "reset": 12
        }
    },
    "result": null
}
delete user api response status code: 204
302
{
    "_meta": {
        "success": true,
        "code": 201,
        "message": "A resource was successfully created in response to a POST request. The Location header contains the URL pointing to the newly created resource.",
        "rateLimit": {
            "limit": 30,
            "remaining": 23,
            "reset": 14
        }
    },
    "result": {
        "id": "12393",
        "first_name": "Priyanka",
        "last_name": "J",
        "gender": "male",
        "dob": "1989-08-15",
        "email": "priyankaq234@gmail.com",
        "phone": "+1-994-294-3428",
        "website": "https://www.vbc.com",
        "address": "test address",
        "status": "active",
        "_links": {
            "self": {
                "href": "https://gorest.co.in/public-api/users/12393"
            },
            "edit": {
                "href": "https://gorest.co.in/public-api/users/12393"
            },
            "avatar": {
                "href": null
            }
        }
    }
}
{
    "_meta": {
        "success": true,
        "code": 201,
        "message": "A resource was successfully created in response to a POST request. The Location header contains the URL pointing to the newly created resource.",
        "rateLimit": {
            "limit": 30,
            "remaining": 23,
            "reset": 14
        }
    },
    "result": {
        "id": "12393",
        "first_name": "Priyanka",
        "last_name": "J",
        "gender": "male",
        "dob": "1989-08-15",
        "email": "priyankaq234@gmail.com",
        "phone": "+1-994-294-3428",
        "website": "https://www.vbc.com",
        "address": "test address",
        "status": "active",
        "_links": {
            "self": {
                "href": "https://gorest.co.in/public-api/users/12393"
            },
            "edit": {
                "href": "https://gorest.co.in/public-api/users/12393"
            },
            "avatar": {
                "href": null
            }
        }
    }
}
new user id: 12393
========
Payload: {"first_name":"Priyanka","last_name":"J","gender":"male","dob":"15-08-1989","email":"priyankaq234@gmail.com","phone":"+1-194-294-0338","address":"test address","website":"https://www.vbc.com","status":"active"}
Request method:	PUT
Request URI:	https://gorest.co.in/public-api/users/12393
Proxy:			<none>
Request params:	<none>
Query params:	<none>
Form params:	<none>
Path params:	<none>
Headers:		Authorization=Bearer g0JIGvfO6SIYnwmMYDM-Kp3nCYVw-xInSDif
				Accept=*/*
				Content-Type=application/json; charset=UTF-8
Cookies:		<none>
Multiparts:		<none>
Body:
{
    "first_name": "Priyanka",
    "last_name": "J",
    "gender": "male",
    "dob": "15-08-1989",
    "email": "priyankaq234@gmail.com",
    "phone": "+1-194-294-0338",
    "address": "test address",
    "website": "https://www.vbc.com",
    "status": "active"
}
I am in onTestFailure method deleteUserTest failed
]]></system-out>
  </testcase>
  <testcase name="createANewUserAPIPUTTest_WithSetter" classname="com.qa.gorest.tests.UpdateUserAPITest" time="0.402"/>
</testsuite>