-------------------------------------------------------------------------------
Test set: TestSuite
-------------------------------------------------------------------------------
Tests run: 8, Failures: 1, Errors: 0, Skipped: 0, Time elapsed: 7.887 s <<< FAILURE! - in TestSuite
deleteUserTest(com.qa.gorest.tests.DeleteUserAPITest)  Time elapsed: 0.394 s  <<< FAILURE!
java.lang.AssertionError: expected [18] but found [24]
	at com.qa.gorest.tests.DeleteUserAPITest.deleteUserTest(DeleteUserAPITest.java:69)

