<?xml version="1.0" encoding="UTF-8"?>
<testng-results skipped="0" failed="0" ignored="1" total="9" passed="8">
  <reporter-output>
  </reporter-output>
  <suite name="GO Rest Test Suite" duration-ms="11983" started-at="2020-06-04T07:15:23Z" finished-at="2020-06-04T07:15:35Z">
    <groups>
    </groups>
    <test name="Go Rest Regression Test" duration-ms="11983" started-at="2020-06-04T07:15:23Z" finished-at="2020-06-04T07:15:35Z">
      <class name="com.qa.gorest.tests.CreateUserAPITest">
        <test-method status="PASS" signature="createUserAPIPOSTTest(java.lang.String, java.lang.String, java.lang.String, java.lang.String, java.lang.String, java.lang.String, java.lang.String, java.lang.String, java.lang.String)[pri:0, instance:com.qa.gorest.tests.CreateUserAPITest@2bfeb1ef]" name="createUserAPIPOSTTest" duration-ms="2702" started-at="2020-06-04T07:15:24Z" data-provider="getUserData" finished-at="2020-06-04T07:15:27Z">
          <params>
            <param index="0">
              <value>
                <![CDATA[irina]]>
              </value>
            </param>
            <param index="1">
              <value>
                <![CDATA[B]]>
              </value>
            </param>
            <param index="2">
              <value>
                <![CDATA[female]]>
              </value>
            </param>
            <param index="3">
              <value>
                <![CDATA[01-01-1975]]>
              </value>
            </param>
            <param index="4">
              <value>
                <![CDATA[drina1@gmail.com]]>
              </value>
            </param>
            <param index="5">
              <value>
                <![CDATA['1-222-333-2323]]>
              </value>
            </param>
            <param index="6">
              <value>
                <![CDATA[http://www.google.com]]>
              </value>
            </param>
            <param index="7">
              <value>
                <![CDATA[test address pune]]>
              </value>
            </param>
            <param index="8">
              <value>
                <![CDATA[active]]>
              </value>
            </param>
          </params>
          <reporter-output>
          </reporter-output>
        </test-method> <!-- createUserAPIPOSTTest -->
        <test-method status="PASS" signature="createUserAPIPOSTTest(java.lang.String, java.lang.String, java.lang.String, java.lang.String, java.lang.String, java.lang.String, java.lang.String, java.lang.String, java.lang.String)[pri:0, instance:com.qa.gorest.tests.CreateUserAPITest@2bfeb1ef]" name="createUserAPIPOSTTest" duration-ms="453" started-at="2020-06-04T07:15:27Z" data-provider="getUserData" finished-at="2020-06-04T07:15:27Z">
          <params>
            <param index="0">
              <value>
                <![CDATA[sarang]]>
              </value>
            </param>
            <param index="1">
              <value>
                <![CDATA[K]]>
              </value>
            </param>
            <param index="2">
              <value>
                <![CDATA[male]]>
              </value>
            </param>
            <param index="3">
              <value>
                <![CDATA[01-01-1976]]>
              </value>
            </param>
            <param index="4">
              <value>
                <![CDATA[saran12@gmail.com]]>
              </value>
            </param>
            <param index="5">
              <value>
                <![CDATA['1-222-333-2324]]>
              </value>
            </param>
            <param index="6">
              <value>
                <![CDATA[http://www.google.com]]>
              </value>
            </param>
            <param index="7">
              <value>
                <![CDATA[test address pune]]>
              </value>
            </param>
            <param index="8">
              <value>
                <![CDATA[active]]>
              </value>
            </param>
          </params>
          <reporter-output>
          </reporter-output>
        </test-method> <!-- createUserAPIPOSTTest -->
        <test-method status="PASS" signature="createUserAPIPOSTTest(java.lang.String, java.lang.String, java.lang.String, java.lang.String, java.lang.String, java.lang.String, java.lang.String, java.lang.String, java.lang.String)[pri:0, instance:com.qa.gorest.tests.CreateUserAPITest@2bfeb1ef]" name="createUserAPIPOSTTest" duration-ms="430" started-at="2020-06-04T07:15:27Z" data-provider="getUserData" finished-at="2020-06-04T07:15:28Z">
          <params>
            <param index="0">
              <value>
                <![CDATA[varun]]>
              </value>
            </param>
            <param index="1">
              <value>
                <![CDATA[B]]>
              </value>
            </param>
            <param index="2">
              <value>
                <![CDATA[male]]>
              </value>
            </param>
            <param index="3">
              <value>
                <![CDATA[01-01-1977]]>
              </value>
            </param>
            <param index="4">
              <value>
                <![CDATA[varun123@gmail.com]]>
              </value>
            </param>
            <param index="5">
              <value>
                <![CDATA['1-222-333-2325]]>
              </value>
            </param>
            <param index="6">
              <value>
                <![CDATA[http://www.google.com]]>
              </value>
            </param>
            <param index="7">
              <value>
                <![CDATA[test address pune]]>
              </value>
            </param>
            <param index="8">
              <value>
                <![CDATA[active]]>
              </value>
            </param>
          </params>
          <reporter-output>
          </reporter-output>
        </test-method> <!-- createUserAPIPOSTTest -->
        <test-method status="PASS" signature="createUserAPIPOSTTest(java.lang.String, java.lang.String, java.lang.String, java.lang.String, java.lang.String, java.lang.String, java.lang.String, java.lang.String, java.lang.String)[pri:0, instance:com.qa.gorest.tests.CreateUserAPITest@2bfeb1ef]" name="createUserAPIPOSTTest" duration-ms="6429" started-at="2020-06-04T07:15:28Z" data-provider="getUserData" finished-at="2020-06-04T07:15:34Z">
          <params>
            <param index="0">
              <value>
                <![CDATA[elina]]>
              </value>
            </param>
            <param index="1">
              <value>
                <![CDATA[L]]>
              </value>
            </param>
            <param index="2">
              <value>
                <![CDATA[female]]>
              </value>
            </param>
            <param index="3">
              <value>
                <![CDATA[01-01-1978]]>
              </value>
            </param>
            <param index="4">
              <value>
                <![CDATA[elina12@gmail.com]]>
              </value>
            </param>
            <param index="5">
              <value>
                <![CDATA['1-222-333-2326]]>
              </value>
            </param>
            <param index="6">
              <value>
                <![CDATA[http://www.google.com]]>
              </value>
            </param>
            <param index="7">
              <value>
                <![CDATA[test address pune]]>
              </value>
            </param>
            <param index="8">
              <value>
                <![CDATA[active]]>
              </value>
            </param>
          </params>
          <reporter-output>
          </reporter-output>
        </test-method> <!-- createUserAPIPOSTTest -->
        <test-method status="PASS" signature="createUserAPIPOSTTest(java.lang.String, java.lang.String, java.lang.String, java.lang.String, java.lang.String, java.lang.String, java.lang.String, java.lang.String, java.lang.String)[pri:0, instance:com.qa.gorest.tests.CreateUserAPITest@2bfeb1ef]" name="createUserAPIPOSTTest" duration-ms="566" started-at="2020-06-04T07:15:34Z" data-provider="getUserData" finished-at="2020-06-04T07:15:35Z">
          <params>
            <param index="0">
              <value>
                <![CDATA[salina]]>
              </value>
            </param>
            <param index="1">
              <value>
                <![CDATA[R]]>
              </value>
            </param>
            <param index="2">
              <value>
                <![CDATA[female]]>
              </value>
            </param>
            <param index="3">
              <value>
                <![CDATA[01-01-1979]]>
              </value>
            </param>
            <param index="4">
              <value>
                <![CDATA[salinaee12@gmail.com]]>
              </value>
            </param>
            <param index="5">
              <value>
                <![CDATA['1-222-333-2327]]>
              </value>
            </param>
            <param index="6">
              <value>
                <![CDATA[http://www.google.com]]>
              </value>
            </param>
            <param index="7">
              <value>
                <![CDATA[test address pune]]>
              </value>
            </param>
            <param index="8">
              <value>
                <![CDATA[active]]>
              </value>
            </param>
          </params>
          <reporter-output>
          </reporter-output>
        </test-method> <!-- createUserAPIPOSTTest -->
      </class> <!-- com.qa.gorest.tests.CreateUserAPITest -->
      <class name="com.qa.gorest.tests.UpdateUserAPITest">
        <test-method status="PASS" signature="createANewUserAPIPUTTest_WithSetter()[pri:0, instance:com.qa.gorest.tests.UpdateUserAPITest@78b236a0]" name="createANewUserAPIPUTTest_WithSetter" duration-ms="7056" started-at="2020-06-04T07:15:28Z" finished-at="2020-06-04T07:15:35Z">
          <reporter-output>
          </reporter-output>
        </test-method> <!-- createANewUserAPIPUTTest_WithSetter -->
      </class> <!-- com.qa.gorest.tests.UpdateUserAPITest -->
      <class name="com.qa.gorest.tests.DeleteUserAPITest">
        <test-method status="PASS" signature="deleteUserTest()[pri:0, instance:com.qa.gorest.tests.DeleteUserAPITest@778ca8ef]" name="deleteUserTest" duration-ms="10752" started-at="2020-06-04T07:15:23Z" finished-at="2020-06-04T07:15:34Z">
          <reporter-output>
          </reporter-output>
        </test-method> <!-- deleteUserTest -->
      </class> <!-- com.qa.gorest.tests.DeleteUserAPITest -->
      <class name="com.qa.gorest.tests.GetUserAPITest">
        <test-method status="PASS" signature="getUserListAPITest()[pri:0, instance:com.qa.gorest.tests.GetUserAPITest@208e9ef6]" name="getUserListAPITest" duration-ms="4629" started-at="2020-06-04T07:15:23Z" finished-at="2020-06-04T07:15:28Z">
          <reporter-output>
          </reporter-output>
        </test-method> <!-- getUserListAPITest -->
      </class> <!-- com.qa.gorest.tests.GetUserAPITest -->
    </test> <!-- Go Rest Regression Test -->
  </suite> <!-- GO Rest Test Suite -->
</testng-results>
